{
  "RSpec": {
    "coverage": {
      "/home/api/spec/support/database_cleaner.rb": {
        "lines": [
          null,
          null,
          1,
          null,
          1,
          1,
          1,
          null,
          null,
          1,
          2,
          2,
          null,
          null,
          null,
          null
        ]
      },
      "/home/api/spec/support/factory_bot_rails.rb": {
        "lines": [
          null,
          null,
          1,
          1,
          null
        ]
      },
      "/home/api/spec/support/shoulda_matchers.rb": {
        "lines": [
          null,
          null,
          1,
          1,
          1,
          1,
          null,
          null
        ]
      },
      "/home/api/app/models/product.rb": {
        "lines": [
          1,
          1,
          1,
          null,
          1,
          null
        ]
      },
      "/home/api/app/models/application_record.rb": {
        "lines": [
          null,
          null,
          1,
          1,
          null
        ]
      },
      "/home/api/app/models/brand.rb": {
        "lines": [
          1,
          1,
          null,
          1,
          null
        ]
      },
      "/home/api/app/models/category.rb": {
        "lines": [
          null,
          null,
          1,
          1,
          1,
          null
        ]
      }
    },
    "timestamp": 1671501536
  }
}
