{
  "RSpec": {
    "coverage": {
      "/home/api/spec/support/database_cleaner.rb": {
        "lines": [
          null,
          null,
          1,
          null,
          1,
          1,
          1,
          null,
          null,
          1,
          4,
          4,
          null,
          null,
          null,
          null
        ]
      },
      "/home/api/spec/support/factory_bot_rails.rb": {
        "lines": [
          null,
          null,
          1,
          1,
          null
        ]
      },
      "/home/api/spec/support/shoulda_matchers.rb": {
        "lines": [
          null,
          null,
          1,
          1,
          1,
          1,
          null,
          null
        ]
      },
      "/home/api/app/models/user.rb": {
        "lines": [
          null,
          null,
          1,
          1,
          null,
          1,
          1,
          1,
          1,
          null,
          1,
          null,
          null,
          null,
          null,
          1,
          null,
          null,
          null,
          null
        ]
      },
      "/home/api/app/models/application_record.rb": {
        "lines": [
          null,
          null,
          1,
          1,
          null
        ]
      },
      "/home/api/app/controllers/auth_controller.rb": {
        "lines": [
          null,
          null,
          1,
          1,
          null,
          null,
          1,
          4,
          2,
          2,
          null,
          2,
          null,
          null,
          2,
          null,
          null,
          1,
          null,
          1,
          6,
          null,
          null
        ]
      },
      "/home/api/app/controllers/application_controller.rb": {
        "lines": [
          null,
          null,
          1,
          1,
          0,
          null,
          0,
          0,
          null,
          0,
          null,
          0,
          null,
          null
        ]
      },
      "/home/api/lib/jwt_token.rb": {
        "lines": [
          null,
          null,
          1,
          1,
          1,
          null,
          1,
          null,
          1,
          2,
          null,
          2,
          null,
          2,
          null,
          2,
          null,
          null,
          1,
          0,
          null,
          null
        ]
      }
    },
    "timestamp": 1671844236
  }
}
